# JRE version: OpenJDK Runtime Environment Temurin-21.0.8+9 (21.0.8+9) (build 21.0.8+9-LTS)
# Java VM: OpenJDK 64-Bit Server VM Temurin-21.0.8+9 (21.0.8+9-LTS, mixed mode, emulated-client, sharing, tiered, compressed oops, compressed class ptrs, g1 gc, windows-amd64)
GC Precious Log:
 CardTable entry size: 512
 Card Set container configuration: InlinePtr #cards 4 size 8 Array Of Cards #cards 16 size 48 Howl #buckets 8 coarsen threshold 3686 Howl Bitmap #cards 512 size 80 coarsen threshold 460 Card regions per heap region 1 cards per card region 4096
 CPUs: 12 total, 12 available
 Memory: 16013M
 Large Page Support: Disabled
 NUMA Support: Disabled
 Compressed Oops: Enabled (Zero based)
 Heap Region Size: 2M
 Heap Min Capacity: 8M
 Heap Initial Capacity: 252M
 Heap Max Capacity: 4004M
 Pre-touch: Disabled
 Parallel Workers: 10
 Concurrent Workers: 3
 Concurrent Refinement Workers: 10
 Periodic GC: Disabled
Heap:
 garbage-first heap   total 88064K, used 70550K [0x0000000705c00000, 0x0000000800000000)
  region size 2048K, 21 young (43008K), 1 survivors (2048K)
 Metaspace       used 72775K, committed 73792K, reserved 1114112K
  class space    used 10078K, committed 10496K, reserved 1048576K
GC Heap History (20 events):
Event: 1481.346 GC heap after
{Heap after GC invocations=73 (full 24):
 garbage-first heap   total 88064K, used 30383K [0x0000000705c00000, 0x0000000800000000)
  region size 2048K, 3 young (6144K), 3 survivors (6144K)
 Metaspace       used 68654K, committed 69504K, reserved 1114112K
  class space    used 9610K, committed 9984K, reserved 1048576K
}
Event: 1563.105 GC heap before
{Heap before GC invocations=73 (full 24):
 garbage-first heap   total 88064K, used 54959K [0x0000000705c00000, 0x0000000800000000)
  region size 2048K, 16 young (32768K), 3 survivors (6144K)
 Metaspace       used 68657K, committed 69568K, reserved 1114112K
  class space    used 9611K, committed 9984K, reserved 1048576K
}
Event: 1563.165 GC heap after
{Heap after GC invocations=74 (full 25):
 garbage-first heap   total 88064K, used 25877K [0x0000000705c00000, 0x0000000800000000)
  region size 2048K, 0 young (0K), 0 survivors (0K)
 Metaspace       used 68650K, committed 69568K, reserved 1114112K
  class space    used 9609K, committed 9984K, reserved 1048576K
}
Event: 1563.483 GC heap before
{Heap before GC invocations=74 (full 25):
 garbage-first heap   total 88064K, used 72981K [0x0000000705c00000, 0x0000000800000000)
  region size 2048K, 24 young (49152K), 0 survivors (0K)
 Metaspace       used 68888K, committed 69760K, reserved 1114112K
  class space    used 9629K, committed 9984K, reserved 1048576K
}
Event: 1563.486 GC heap after
{Heap after GC invocations=75 (full 25):
 garbage-first heap   total 88064K, used 30561K [0x0000000705c00000, 0x0000000800000000)
  region size 2048K, 3 young (6144K), 3 survivors (6144K)
 Metaspace       used 68888K, committed 69760K, reserved 1114112K
  class space    used 9629K, committed 9984K, reserved 1048576K
}
Event: 1600.111 GC heap before
{Heap before GC invocations=75 (full 25):
 garbage-first heap   total 88064K, used 48993K [0x0000000705c00000, 0x0000000800000000)
  region size 2048K, 13 young (26624K), 3 survivors (6144K)
 Metaspace       used 68916K, committed 69760K, reserved 1114112K
  class space    used 9632K, committed 9984K, reserved 1048576K
}
Event: 1600.153 GC heap after
{Heap after GC invocations=76 (full 26):
 garbage-first heap   total 88064K, used 26051K [0x0000000705c00000, 0x0000000800000000)
  region size 2048K, 0 young (0K), 0 survivors (0K)
 Metaspace       used 68904K, committed 69760K, reserved 1114112K
  class space    used 9629K, committed 9984K, reserved 1048576K
}
Event: 1600.456 GC heap before
{Heap before GC invocations=76 (full 26):
 garbage-first heap   total 88064K, used 73155K [0x0000000705c00000, 0x0000000800000000)
  region size 2048K, 24 young (49152K), 0 survivors (0K)
 Metaspace       used 69144K, committed 70016K, reserved 1114112K
  class space    used 9650K, committed 9984K, reserved 1048576K
}
Event: 1600.459 GC heap after
{Heap after GC invocations=77 (full 26):
 garbage-first heap   total 88064K, used 30729K [0x0000000705c00000, 0x0000000800000000)
  region size 2048K, 3 young (6144K), 3 survivors (6144K)
 Metaspace       used 69144K, committed 70016K, reserved 1114112K
  class space    used 9650K, committed 9984K, reserved 1048576K
}
Event: 1633.498 GC heap before
{Heap before GC invocations=77 (full 26):
 garbage-first heap   total 88064K, used 47113K [0x0000000705c00000, 0x0000000800000000)
  region size 2048K, 12 young (24576K), 3 survivors (6144K)
 Metaspace       used 69148K, committed 70016K, reserved 1114112K
  class space    used 9651K, committed 9984K, reserved 1048576K
}
Event: 1633.541 GC heap after
{Heap after GC invocations=78 (full 27):
 garbage-first heap   total 88064K, used 26236K [0x0000000705c00000, 0x0000000800000000)
  region size 2048K, 0 young (0K), 0 survivors (0K)
 Metaspace       used 69146K, committed 70016K, reserved 1114112K
  class space    used 9651K, committed 9984K, reserved 1048576K
}
Event: 1633.838 GC heap before
{Heap before GC invocations=78 (full 27):
 garbage-first heap   total 88064K, used 71292K [0x0000000705c00000, 0x0000000800000000)
  region size 2048K, 23 young (47104K), 0 survivors (0K)
 Metaspace       used 69372K, committed 70272K, reserved 1114112K
  class space    used 9668K, committed 10048K, reserved 1048576K
}
Event: 1633.841 GC heap after
{Heap after GC invocations=79 (full 27):
 garbage-first heap   total 88064K, used 30753K [0x0000000705c00000, 0x0000000800000000)
  region size 2048K, 3 young (6144K), 3 survivors (6144K)
 Metaspace       used 69372K, committed 70272K, reserved 1114112K
  class space    used 9668K, committed 10048K, reserved 1048576K
}
Event: 1717.444 GC heap before
{Heap before GC invocations=79 (full 27):
 garbage-first heap   total 88064K, used 69665K [0x0000000705c00000, 0x0000000800000000)
  region size 2048K, 22 young (45056K), 3 survivors (6144K)
 Metaspace       used 70722K, committed 71616K, reserved 1114112K
  class space    used 9826K, committed 10176K, reserved 1048576K
}
Event: 1717.454 GC heap after
{Heap after GC invocations=80 (full 27):
 garbage-first heap   total 88064K, used 31760K [0x0000000705c00000, 0x0000000800000000)
  region size 2048K, 1 young (2048K), 1 survivors (2048K)
 Metaspace       used 70722K, committed 71616K, reserved 1114112K
  class space    used 9826K, committed 10176K, reserved 1048576K
}
Event: 1823.051 GC heap before
{Heap before GC invocations=80 (full 27):
 garbage-first heap   total 88064K, used 62480K [0x0000000705c00000, 0x0000000800000000)
  region size 2048K, 18 young (36864K), 1 survivors (2048K)
 Metaspace       used 72603K, committed 73536K, reserved 1114112K
  class space    used 10050K, committed 10432K, reserved 1048576K
}
Event: 1823.109 GC heap after
{Heap after GC invocations=81 (full 28):
 garbage-first heap   total 88064K, used 23901K [0x0000000705c00000, 0x0000000800000000)
  region size 2048K, 0 young (0K), 0 survivors (0K)
 Metaspace       used 72481K, committed 73536K, reserved 1114112K
  class space    used 10021K, committed 10432K, reserved 1048576K
}
Event: 1831.277 GC heap before
{Heap before GC invocations=81 (full 28):
 garbage-first heap   total 88064K, used 71005K [0x0000000705c00000, 0x0000000800000000)
  region size 2048K, 24 young (49152K), 0 survivors (0K)
 Metaspace       used 72680K, committed 73600K, reserved 1114112K
  class space    used 10063K, committed 10432K, reserved 1048576K
}
Event: 1831.285 GC heap after
{Heap after GC invocations=82 (full 28):
 garbage-first heap   total 88064K, used 29590K [0x0000000705c00000, 0x0000000800000000)
  region size 2048K, 3 young (6144K), 3 survivors (6144K)
 Metaspace       used 72680K, committed 73600K, reserved 1114112K
  class space    used 10063K, committed 10432K, reserved 1048576K
}
Event: 2142.766 GC heap before
{Heap before GC invocations=82 (full 28):
 garbage-first heap   total 88064K, used 70550K [0x0000000705c00000, 0x0000000800000000)
  region size 2048K, 23 young (47104K), 3 survivors (6144K)
 Metaspace       used 72775K, committed 73792K, reserved 1114112K
  class space    used 10078K, committed 10496K, reserved 1048576K
}

