# JRE version: OpenJDK Runtime Environment Temurin-21.0.8+9 (21.0.8+9) (build 21.0.8+9-LTS)
# Java VM: OpenJDK 64-Bit Server VM Temurin-21.0.8+9 (21.0.8+9-LTS, mixed mode, emulated-client, sharing, tiered, compressed oops, compressed class ptrs, g1 gc, windows-amd64)
GC Precious Log:
 CardTable entry size: 512
 Card Set container configuration: InlinePtr #cards 4 size 8 Array Of Cards #cards 16 size 48 Howl #buckets 8 coarsen threshold 3686 Howl Bitmap #cards 512 size 80 coarsen threshold 460 Card regions per heap region 1 cards per card region 4096
 CPUs: 12 total, 12 available
 Memory: 16013M
 Large Page Support: Disabled
 NUMA Support: Disabled
 Compressed Oops: Enabled (Zero based)
 Heap Region Size: 2M
 Heap Min Capacity: 8M
 Heap Initial Capacity: 252M
 Heap Max Capacity: 4004M
 Pre-touch: Disabled
 Parallel Workers: 10
 Concurrent Workers: 3
 Concurrent Refinement Workers: 10
 Periodic GC: Disabled
Heap:
 garbage-first heap   total 90112K, used 74336K [0x0000000705c00000, 0x0000000800000000)
  region size 2048K, 29 young (59392K), 3 survivors (6144K)
 Metaspace       used 65196K, committed 65984K, reserved 1114112K
  class space    used 9144K, committed 9472K, reserved 1048576K
GC Heap History (20 events):
Event: 2.534 GC heap after
{Heap after GC invocations=10 (full 0):
 garbage-first heap   total 69632K, used 20030K [0x0000000705c00000, 0x0000000800000000)
  region size 2048K, 1 young (2048K), 1 survivors (2048K)
 Metaspace       used 31439K, committed 32000K, reserved 1114112K
  class space    used 4295K, committed 4544K, reserved 1048576K
}
Event: 2.724 GC heap before
{Heap before GC invocations=10 (full 0):
 garbage-first heap   total 69632K, used 58942K [0x0000000705c00000, 0x0000000800000000)
  region size 2048K, 20 young (40960K), 1 survivors (2048K)
 Metaspace       used 35196K, committed 35776K, reserved 1114112K
  class space    used 4843K, committed 5120K, reserved 1048576K
}
Event: 2.726 GC heap after
{Heap after GC invocations=11 (full 0):
 garbage-first heap   total 69632K, used 20849K [0x0000000705c00000, 0x0000000800000000)
  region size 2048K, 2 young (4096K), 2 survivors (4096K)
 Metaspace       used 35196K, committed 35776K, reserved 1114112K
  class space    used 4843K, committed 5120K, reserved 1048576K
}
Event: 2.944 GC heap before
{Heap before GC invocations=11 (full 0):
 garbage-first heap   total 69632K, used 57713K [0x0000000705c00000, 0x0000000800000000)
  region size 2048K, 20 young (40960K), 2 survivors (4096K)
 Metaspace       used 38525K, committed 39168K, reserved 1114112K
  class space    used 5400K, committed 5696K, reserved 1048576K
}
Event: 2.946 GC heap after
{Heap after GC invocations=12 (full 0):
 garbage-first heap   total 83968K, used 21544K [0x0000000705c00000, 0x0000000800000000)
  region size 2048K, 2 young (4096K), 2 survivors (4096K)
 Metaspace       used 38525K, committed 39168K, reserved 1114112K
  class space    used 5400K, committed 5696K, reserved 1048576K
}
Event: 3.286 GC heap before
{Heap before GC invocations=12 (full 0):
 garbage-first heap   total 83968K, used 64552K [0x0000000705c00000, 0x0000000800000000)
  region size 2048K, 24 young (49152K), 2 survivors (4096K)
 Metaspace       used 45787K, committed 46336K, reserved 1114112K
  class space    used 6262K, committed 6528K, reserved 1048576K
}
Event: 3.290 GC heap after
{Heap after GC invocations=13 (full 0):
 garbage-first heap   total 83968K, used 23338K [0x0000000705c00000, 0x0000000800000000)
  region size 2048K, 3 young (6144K), 3 survivors (6144K)
 Metaspace       used 45787K, committed 46336K, reserved 1114112K
  class space    used 6262K, committed 6528K, reserved 1048576K
}
Event: 3.438 GC heap before
{Heap before GC invocations=13 (full 0):
 garbage-first heap   total 83968K, used 52010K [0x0000000705c00000, 0x0000000800000000)
  region size 2048K, 18 young (36864K), 3 survivors (6144K)
 Metaspace       used 48519K, committed 49088K, reserved 1114112K
  class space    used 6671K, committed 6912K, reserved 1048576K
}
Event: 3.442 GC heap after
{Heap after GC invocations=14 (full 0):
 garbage-first heap   total 83968K, used 24015K [0x0000000705c00000, 0x0000000800000000)
  region size 2048K, 2 young (4096K), 2 survivors (4096K)
 Metaspace       used 48519K, committed 49088K, reserved 1114112K
  class space    used 6671K, committed 6912K, reserved 1048576K
}
Event: 3.661 GC heap before
{Heap before GC invocations=15 (full 0):
 garbage-first heap   total 83968K, used 67023K [0x0000000705c00000, 0x0000000800000000)
  region size 2048K, 24 young (49152K), 2 survivors (4096K)
 Metaspace       used 53015K, committed 53632K, reserved 1114112K
  class space    used 7338K, committed 7616K, reserved 1048576K
}
Event: 3.664 GC heap after
{Heap after GC invocations=16 (full 0):
 garbage-first heap   total 83968K, used 26347K [0x0000000705c00000, 0x0000000800000000)
  region size 2048K, 3 young (6144K), 3 survivors (6144K)
 Metaspace       used 53015K, committed 53632K, reserved 1114112K
  class space    used 7338K, committed 7616K, reserved 1048576K
}
Event: 3.895 GC heap before
{Heap before GC invocations=16 (full 0):
 garbage-first heap   total 83968K, used 69355K [0x0000000705c00000, 0x0000000800000000)
  region size 2048K, 24 young (49152K), 3 survivors (6144K)
 Metaspace       used 57521K, committed 58112K, reserved 1114112K
  class space    used 8031K, committed 8320K, reserved 1048576K
}
Event: 3.898 GC heap after
{Heap after GC invocations=17 (full 0):
 garbage-first heap   total 83968K, used 25235K [0x0000000705c00000, 0x0000000800000000)
  region size 2048K, 2 young (4096K), 2 survivors (4096K)
 Metaspace       used 57521K, committed 58112K, reserved 1114112K
  class space    used 8031K, committed 8320K, reserved 1048576K
}
Event: 4.211 GC heap before
{Heap before GC invocations=17 (full 0):
 garbage-first heap   total 83968K, used 70291K [0x0000000705c00000, 0x0000000800000000)
  region size 2048K, 24 young (49152K), 2 survivors (4096K)
 Metaspace       used 61427K, committed 62144K, reserved 1114112K
  class space    used 8612K, committed 8896K, reserved 1048576K
}
Event: 4.214 GC heap after
{Heap after GC invocations=18 (full 0):
 garbage-first heap   total 102400K, used 27460K [0x0000000705c00000, 0x0000000800000000)
  region size 2048K, 3 young (6144K), 3 survivors (6144K)
 Metaspace       used 61427K, committed 62144K, reserved 1114112K
  class space    used 8612K, committed 8896K, reserved 1048576K
}
Event: 204.500 GC heap before
{Heap before GC invocations=18 (full 0):
 garbage-first heap   total 102400K, used 82756K [0x0000000705c00000, 0x0000000800000000)
  region size 2048K, 30 young (61440K), 3 survivors (6144K)
 Metaspace       used 65067K, committed 65792K, reserved 1114112K
  class space    used 9158K, committed 9472K, reserved 1048576K
}
Event: 204.512 GC heap after
{Heap after GC invocations=19 (full 0):
 garbage-first heap   total 102400K, used 29934K [0x0000000705c00000, 0x0000000800000000)
  region size 2048K, 4 young (8192K), 4 survivors (8192K)
 Metaspace       used 65067K, committed 65792K, reserved 1114112K
  class space    used 9158K, committed 9472K, reserved 1048576K
}
Event: 204.560 GC heap before
{Heap before GC invocations=19 (full 0):
 garbage-first heap   total 102400K, used 29934K [0x0000000705c00000, 0x0000000800000000)
  region size 2048K, 5 young (10240K), 4 survivors (8192K)
 Metaspace       used 65149K, committed 65856K, reserved 1114112K
  class space    used 9174K, committed 9472K, reserved 1048576K
}
Event: 204.617 GC heap after
{Heap after GC invocations=20 (full 1):
 garbage-first heap   total 90112K, used 21089K [0x0000000705c00000, 0x0000000800000000)
  region size 2048K, 0 young (0K), 0 survivors (0K)
 Metaspace       used 64751K, committed 65856K, reserved 1114112K
  class space    used 9073K, committed 9472K, reserved 1048576K
}
Event: 362.645 GC heap before
{Heap before GC invocations=20 (full 1):
 garbage-first heap   total 90112K, used 72289K [0x0000000705c00000, 0x0000000800000000)
  region size 2048K, 26 young (53248K), 0 survivors (0K)
 Metaspace       used 65196K, committed 65984K, reserved 1114112K
  class space    used 9144K, committed 9472K, reserved 1048576K
}

