# JRE version: OpenJDK Runtime Environment Temurin-21.0.8+9 (21.0.8+9) (build 21.0.8+9-LTS)
# Java VM: OpenJDK 64-Bit Server VM Temurin-21.0.8+9 (21.0.8+9-LTS, mixed mode, emulated-client, sharing, tiered, compressed oops, compressed class ptrs, g1 gc, windows-amd64)
GC Precious Log:
 CardTable entry size: 512
 Card Set container configuration: InlinePtr #cards 4 size 8 Array Of Cards #cards 16 size 48 Howl #buckets 8 coarsen threshold 3686 Howl Bitmap #cards 512 size 80 coarsen threshold 460 Card regions per heap region 1 cards per card region 4096
 CPUs: 12 total, 12 available
 Memory: 16013M
 Large Page Support: Disabled
 NUMA Support: Disabled
 Compressed Oops: Enabled (Zero based)
 Heap Region Size: 2M
 Heap Min Capacity: 8M
 Heap Initial Capacity: 252M
 Heap Max Capacity: 4004M
 Pre-touch: Disabled
 Parallel Workers: 10
 Concurrent Workers: 3
 Concurrent Refinement Workers: 10
 Periodic GC: Disabled
Heap:
 garbage-first heap   total 81920K, used 65747K [0x0000000705c00000, 0x0000000800000000)
  region size 2048K, 19 young (38912K), 1 survivors (2048K)
 Metaspace       used 73860K, committed 74816K, reserved 1114112K
  class space    used 10232K, committed 10688K, reserved 1048576K
GC Heap History (20 events):
Event: 1216.250 GC heap after
{Heap after GC invocations=61 (full 21):
 garbage-first heap   total 81920K, used 25584K [0x0000000705c00000, 0x0000000800000000)
  region size 2048K, 0 young (0K), 0 survivors (0K)
 Metaspace       used 67467K, committed 68288K, reserved 1114112K
  class space    used 9401K, committed 9728K, reserved 1048576K
}
Event: 1216.608 GC heap before
{Heap before GC invocations=61 (full 21):
 garbage-first heap   total 81920K, used 66544K [0x0000000705c00000, 0x0000000800000000)
  region size 2048K, 20 young (40960K), 0 survivors (0K)
 Metaspace       used 67571K, committed 68352K, reserved 1114112K
  class space    used 9415K, committed 9728K, reserved 1048576K
}
Event: 1216.611 GC heap after
{Heap after GC invocations=62 (full 21):
 garbage-first heap   total 81920K, used 29680K [0x0000000705c00000, 0x0000000800000000)
  region size 2048K, 2 young (4096K), 2 survivors (4096K)
 Metaspace       used 67571K, committed 68352K, reserved 1114112K
  class space    used 9415K, committed 9728K, reserved 1048576K
}
Event: 1231.385 GC heap before
{Heap before GC invocations=62 (full 21):
 garbage-first heap   total 81920K, used 48112K [0x0000000705c00000, 0x0000000800000000)
  region size 2048K, 12 young (24576K), 2 survivors (4096K)
 Metaspace       used 67692K, committed 68544K, reserved 1114112K
  class space    used 9421K, committed 9792K, reserved 1048576K
}
Event: 1231.422 GC heap after
{Heap after GC invocations=63 (full 22):
 garbage-first heap   total 81920K, used 25775K [0x0000000705c00000, 0x0000000800000000)
  region size 2048K, 0 young (0K), 0 survivors (0K)
 Metaspace       used 67689K, committed 68544K, reserved 1114112K
  class space    used 9420K, committed 9792K, reserved 1048576K
}
Event: 1231.748 GC heap before
{Heap before GC invocations=63 (full 22):
 garbage-first heap   total 81920K, used 64687K [0x0000000705c00000, 0x0000000800000000)
  region size 2048K, 19 young (38912K), 0 survivors (0K)
 Metaspace       used 67725K, committed 68544K, reserved 1114112K
  class space    used 9426K, committed 9792K, reserved 1048576K
}
Event: 1231.752 GC heap after
{Heap after GC invocations=64 (full 22):
 garbage-first heap   total 81920K, used 29674K [0x0000000705c00000, 0x0000000800000000)
  region size 2048K, 2 young (4096K), 2 survivors (4096K)
 Metaspace       used 67725K, committed 68544K, reserved 1114112K
  class space    used 9426K, committed 9792K, reserved 1048576K
}
Event: 1236.371 GC heap before
{Heap before GC invocations=64 (full 22):
 garbage-first heap   total 81920K, used 50154K [0x0000000705c00000, 0x0000000800000000)
  region size 2048K, 13 young (26624K), 2 survivors (4096K)
 Metaspace       used 67917K, committed 68800K, reserved 1114112K
  class space    used 9437K, committed 9792K, reserved 1048576K
}
Event: 1236.409 GC heap after
{Heap after GC invocations=65 (full 23):
 garbage-first heap   total 81920K, used 25964K [0x0000000705c00000, 0x0000000800000000)
  region size 2048K, 0 young (0K), 0 survivors (0K)
 Metaspace       used 67914K, committed 68800K, reserved 1114112K
  class space    used 9437K, committed 9792K, reserved 1048576K
}
Event: 1236.796 GC heap before
{Heap before GC invocations=65 (full 23):
 garbage-first heap   total 81920K, used 64876K [0x0000000705c00000, 0x0000000800000000)
  region size 2048K, 20 young (40960K), 0 survivors (0K)
 Metaspace       used 67990K, committed 68864K, reserved 1114112K
  class space    used 9447K, committed 9792K, reserved 1048576K
}
Event: 1236.801 GC heap after
{Heap after GC invocations=66 (full 23):
 garbage-first heap   total 81920K, used 29865K [0x0000000705c00000, 0x0000000800000000)
  region size 2048K, 2 young (4096K), 2 survivors (4096K)
 Metaspace       used 67990K, committed 68864K, reserved 1114112K
  class space    used 9447K, committed 9792K, reserved 1048576K
}
Event: 1272.688 GC heap before
{Heap before GC invocations=66 (full 23):
 garbage-first heap   total 81920K, used 64681K [0x0000000705c00000, 0x0000000800000000)
  region size 2048K, 20 young (40960K), 2 survivors (4096K)
 Metaspace       used 69999K, committed 70848K, reserved 1114112K
  class space    used 9653K, committed 9984K, reserved 1048576K
}
Event: 1272.698 GC heap after
{Heap after GC invocations=67 (full 23):
 garbage-first heap   total 81920K, used 31325K [0x0000000705c00000, 0x0000000800000000)
  region size 2048K, 2 young (4096K), 2 survivors (4096K)
 Metaspace       used 69999K, committed 70848K, reserved 1114112K
  class space    used 9653K, committed 9984K, reserved 1048576K
}
Event: 1286.988 GC heap before
{Heap before GC invocations=67 (full 23):
 garbage-first heap   total 81920K, used 64093K [0x0000000705c00000, 0x0000000800000000)
  region size 2048K, 19 young (38912K), 2 survivors (4096K)
 Metaspace       used 73647K, committed 74560K, reserved 1114112K
  class space    used 10194K, committed 10624K, reserved 1048576K
}
Event: 1286.991 GC heap after
{Heap after GC invocations=68 (full 23):
 garbage-first heap   total 81920K, used 30980K [0x0000000705c00000, 0x0000000800000000)
  region size 2048K, 1 young (2048K), 1 survivors (2048K)
 Metaspace       used 73647K, committed 74560K, reserved 1114112K
  class space    used 10194K, committed 10624K, reserved 1048576K
}
Event: 1286.992 GC heap before
{Heap before GC invocations=68 (full 23):
 garbage-first heap   total 81920K, used 30980K [0x0000000705c00000, 0x0000000800000000)
  region size 2048K, 2 young (4096K), 1 survivors (2048K)
 Metaspace       used 73647K, committed 74560K, reserved 1114112K
  class space    used 10194K, committed 10624K, reserved 1048576K
}
Event: 1287.039 GC heap after
{Heap after GC invocations=69 (full 24):
 garbage-first heap   total 81920K, used 23704K [0x0000000705c00000, 0x0000000800000000)
  region size 2048K, 0 young (0K), 0 survivors (0K)
 Metaspace       used 73541K, committed 74560K, reserved 1114112K
  class space    used 10169K, committed 10624K, reserved 1048576K
}
Event: 1287.743 GC heap before
{Heap before GC invocations=69 (full 24):
 garbage-first heap   total 81920K, used 64664K [0x0000000705c00000, 0x0000000800000000)
  region size 2048K, 21 young (43008K), 0 survivors (0K)
 Metaspace       used 73718K, committed 74624K, reserved 1114112K
  class space    used 10212K, committed 10624K, reserved 1048576K
}
Event: 1287.748 GC heap after
{Heap after GC invocations=70 (full 24):
 garbage-first heap   total 81920K, used 28883K [0x0000000705c00000, 0x0000000800000000)
  region size 2048K, 3 young (6144K), 3 survivors (6144K)
 Metaspace       used 73718K, committed 74624K, reserved 1114112K
  class space    used 10212K, committed 10624K, reserved 1048576K
}
Event: 1980.720 GC heap before
{Heap before GC invocations=70 (full 24):
 garbage-first heap   total 81920K, used 65747K [0x0000000705c00000, 0x0000000800000000)
  region size 2048K, 21 young (43008K), 3 survivors (6144K)
 Metaspace       used 73860K, committed 74816K, reserved 1114112K
  class space    used 10232K, committed 10688K, reserved 1048576K
}

