# JRE version: OpenJDK Runtime Environment Temurin-21.0.7+6 (21.0.7+6) (build 21.0.7+6-LTS)
# Java VM: OpenJDK 64-Bit Server VM Temurin-21.0.7+6 (21.0.7+6-LTS, mixed mode, sharing, tiered, compressed oops, compressed class ptrs, g1 gc, windows-amd64)
GC Precious Log:
 CardTable entry size: 512
 Card Set container configuration: InlinePtr #cards 5 size 8 Array Of Cards #cards 12 size 40 Howl #buckets 4 coarsen threshold 1843 Howl Bitmap #cards 512 size 80 coarsen threshold 460 Card regions per heap region 1 cards per card region 2048
 CPUs: 8 total, 8 available
 Memory: 7934M
 Large Page Support: Disabled
 NUMA Support: Disabled
 Compressed Oops: Enabled (32-bit)
 Heap Region Size: 1M
 Heap Min Capacity: 8M
 Heap Initial Capacity: 124M
 Heap Max Capacity: 1984M
 Pre-touch: Disabled
 Parallel Workers: 8
 Concurrent Workers: 2
 Concurrent Refinement Workers: 8
 Periodic GC: Disabled
Heap:
 garbage-first heap   total 86016K, used 74102K [0x0000000084000000, 0x0000000100000000)
  region size 1024K, 53 young (54272K), 5 survivors (5120K)
 Metaspace       used 67672K, committed 68352K, reserved 1114112K
  class space    used 8656K, committed 8960K, reserved 1048576K
GC Heap History (20 events):
Event: 5.715 GC heap after
{Heap after GC invocations=15 (full 0):
 garbage-first heap   total 71680K, used 23386K [0x0000000084000000, 0x0000000100000000)
  region size 1024K, 5 young (5120K), 5 survivors (5120K)
 Metaspace       used 48801K, committed 49408K, reserved 1114112K
  class space    used 6138K, committed 6400K, reserved 1048576K
}
Event: 6.027 GC heap before
{Heap before GC invocations=15 (full 0):
 garbage-first heap   total 71680K, used 60250K [0x0000000084000000, 0x0000000100000000)
  region size 1024K, 42 young (43008K), 5 survivors (5120K)
 Metaspace       used 52667K, committed 53248K, reserved 1114112K
  class space    used 6533K, committed 6784K, reserved 1048576K
}
Event: 6.031 GC heap after
{Heap after GC invocations=16 (full 0):
 garbage-first heap   total 71680K, used 24455K [0x0000000084000000, 0x0000000100000000)
  region size 1024K, 5 young (5120K), 5 survivors (5120K)
 Metaspace       used 52667K, committed 53248K, reserved 1114112K
  class space    used 6533K, committed 6784K, reserved 1048576K
}
Event: 6.407 GC heap before
{Heap before GC invocations=16 (full 0):
 garbage-first heap   total 71680K, used 61319K [0x0000000084000000, 0x0000000100000000)
  region size 1024K, 41 young (41984K), 5 survivors (5120K)
 Metaspace       used 56877K, committed 57472K, reserved 1114112K
  class space    used 7316K, committed 7552K, reserved 1048576K
}
Event: 6.411 GC heap after
{Heap after GC invocations=17 (full 0):
 garbage-first heap   total 71680K, used 24606K [0x0000000084000000, 0x0000000100000000)
  region size 1024K, 3 young (3072K), 3 survivors (3072K)
 Metaspace       used 56877K, committed 57472K, reserved 1114112K
  class space    used 7316K, committed 7552K, reserved 1048576K
}
Event: 6.645 GC heap before
{Heap before GC invocations=17 (full 0):
 garbage-first heap   total 71680K, used 53278K [0x0000000084000000, 0x0000000100000000)
  region size 1024K, 32 young (32768K), 3 survivors (3072K)
 Metaspace       used 59845K, committed 60416K, reserved 1114112K
  class space    used 7743K, committed 8000K, reserved 1048576K
}
Event: 6.648 GC heap after
{Heap after GC invocations=18 (full 0):
 garbage-first heap   total 86016K, used 24996K [0x0000000084000000, 0x0000000100000000)
  region size 1024K, 3 young (3072K), 3 survivors (3072K)
 Metaspace       used 59845K, committed 60416K, reserved 1114112K
  class space    used 7743K, committed 8000K, reserved 1048576K
}
Event: 7.422 GC heap before
{Heap before GC invocations=19 (full 0):
 garbage-first heap   total 86016K, used 73124K [0x0000000084000000, 0x0000000100000000)
  region size 1024K, 50 young (51200K), 3 survivors (3072K)
 Metaspace       used 63358K, committed 64000K, reserved 1114112K
  class space    used 8243K, committed 8576K, reserved 1048576K
}
Event: 7.428 GC heap after
{Heap after GC invocations=20 (full 0):
 garbage-first heap   total 86016K, used 28163K [0x0000000084000000, 0x0000000100000000)
  region size 1024K, 6 young (6144K), 6 survivors (6144K)
 Metaspace       used 63358K, committed 64000K, reserved 1114112K
  class space    used 8243K, committed 8576K, reserved 1048576K
}
Event: 493.594 GC heap before
{Heap before GC invocations=20 (full 0):
 garbage-first heap   total 86016K, used 45571K [0x0000000084000000, 0x0000000100000000)
  region size 1024K, 24 young (24576K), 6 survivors (6144K)
 Metaspace       used 64172K, committed 64896K, reserved 1114112K
  class space    used 8340K, committed 8640K, reserved 1048576K
}
Event: 493.634 GC heap after
{Heap after GC invocations=21 (full 1):
 garbage-first heap   total 86016K, used 23774K [0x0000000084000000, 0x0000000100000000)
  region size 1024K, 0 young (0K), 0 survivors (0K)
 Metaspace       used 64172K, committed 64896K, reserved 1114112K
  class space    used 8340K, committed 8640K, reserved 1048576K
}
Event: 494.826 GC heap before
{Heap before GC invocations=21 (full 1):
 garbage-first heap   total 86016K, used 73950K [0x0000000084000000, 0x0000000100000000)
  region size 1024K, 50 young (51200K), 0 survivors (0K)
 Metaspace       used 64860K, committed 65536K, reserved 1114112K
  class space    used 8354K, committed 8640K, reserved 1048576K
}
Event: 494.832 GC heap after
{Heap after GC invocations=22 (full 1):
 garbage-first heap   total 86016K, used 28471K [0x0000000084000000, 0x0000000100000000)
  region size 1024K, 5 young (5120K), 5 survivors (5120K)
 Metaspace       used 64860K, committed 65536K, reserved 1114112K
  class space    used 8354K, committed 8640K, reserved 1048576K
}
Event: 530.900 GC heap before
{Heap before GC invocations=22 (full 1):
 garbage-first heap   total 86016K, used 33591K [0x0000000084000000, 0x0000000100000000)
  region size 1024K, 11 young (11264K), 5 survivors (5120K)
 Metaspace       used 64934K, committed 65600K, reserved 1114112K
  class space    used 8357K, committed 8640K, reserved 1048576K
}
Event: 530.938 GC heap after
{Heap after GC invocations=23 (full 2):
 garbage-first heap   total 86016K, used 24022K [0x0000000084000000, 0x0000000100000000)
  region size 1024K, 0 young (0K), 0 survivors (0K)
 Metaspace       used 64931K, committed 65600K, reserved 1114112K
  class space    used 8356K, committed 8640K, reserved 1048576K
}
Event: 531.883 GC heap before
{Heap before GC invocations=23 (full 2):
 garbage-first heap   total 86016K, used 74198K [0x0000000084000000, 0x0000000100000000)
  region size 1024K, 50 young (51200K), 0 survivors (0K)
 Metaspace       used 65922K, committed 66624K, reserved 1114112K
  class space    used 8440K, committed 8768K, reserved 1048576K
}
Event: 531.888 GC heap after
{Heap after GC invocations=24 (full 2):
 garbage-first heap   total 86016K, used 29070K [0x0000000084000000, 0x0000000100000000)
  region size 1024K, 5 young (5120K), 5 survivors (5120K)
 Metaspace       used 65922K, committed 66624K, reserved 1114112K
  class space    used 8440K, committed 8768K, reserved 1048576K
}
Event: 1609.685 GC heap before
{Heap before GC invocations=24 (full 2):
 garbage-first heap   total 86016K, used 70030K [0x0000000084000000, 0x0000000100000000)
  region size 1024K, 46 young (47104K), 5 survivors (5120K)
 Metaspace       used 67222K, committed 67904K, reserved 1114112K
  class space    used 8643K, committed 8960K, reserved 1048576K
}
Event: 1609.736 GC heap after
{Heap after GC invocations=25 (full 3):
 garbage-first heap   total 86016K, used 24950K [0x0000000084000000, 0x0000000100000000)
  region size 1024K, 0 young (0K), 0 survivors (0K)
 Metaspace       used 67219K, committed 67904K, reserved 1114112K
  class space    used 8643K, committed 8960K, reserved 1048576K
}
Event: 4656.475 GC heap before
{Heap before GC invocations=25 (full 3):
 garbage-first heap   total 86016K, used 73078K [0x0000000084000000, 0x0000000100000000)
  region size 1024K, 48 young (49152K), 0 survivors (0K)
 Metaspace       used 67672K, committed 68352K, reserved 1114112K
  class space    used 8656K, committed 8960K, reserved 1048576K
}

